<?xml version="1.0" encoding="UTF-8"?>
<!-- Generated by org.testng.reporters.JUnitReportReporter -->
<testsuite hostname="LAPTOP-NG2CBHTA" failures="0" tests="1" name="runners.TestRunner" time="3.619" errors="0" timestamp="2025-08-12T10:22:38 IST" skipped="0">
  <testcase classname="runners.TestRunner" name="runScenario" time="3.619"/>
</testsuite> <!-- runners.TestRunner -->
