<?xml version="1.0" encoding="UTF-8"?>
<!-- Generated by org.testng.reporters.JUnitReportReporter -->
<testsuite hostname="LAPTOP-NG2CBHTA" failures="0" tests="1" name="tests.OpenCartHomePageTest" time="5.607" errors="0" timestamp="2025-08-12T13:12:29 IST" skipped="0">
  <testcase classname="tests.OpenCartHomePageTest" name="openHomePageAndVerifyTitle" time="5.607"/>
</testsuite> <!-- tests.OpenCartHomePageTest -->
