<?xml version="1.0" encoding="UTF-8"?>
<!-- Generated by org.testng.reporters.JUnitReportReporter -->
<testsuite hostname="LAPTOP-NG2CBHTA" failures="0" tests="1" name="com.example.tests.GoogleTest" time="15.965" errors="0" timestamp="2025-08-11T22:38:17 IST" skipped="0">
  <testcase classname="com.example.tests.GoogleTest" name="openGoogle" time="15.965"/>
</testsuite> <!-- com.example.tests.GoogleTest -->
