<?xml version="1.0" encoding="UTF-8"?>
<!-- Generated by org.testng.reporters.JUnitReportReporter -->
<testsuite hostname="LAPTOP-NG2CBHTA" failures="0" tests="1" name="runners.TestRunner" time="3.351" errors="0" timestamp="2025-08-11T22:38:17 IST" skipped="0">
  <testcase classname="runners.TestRunner" name="runScenario" time="3.351"/>
</testsuite> <!-- runners.TestRunner -->
