<?xml version="1.0" encoding="UTF-8"?>
<!-- Generated by org.testng.reporters.JUnitReportReporter -->
<testsuite hostname="LAPTOP-NG2CBHTA" failures="0" tests="1" name="tests.OpenCartHomePageTest" time="0.320" errors="0" timestamp="2025-08-13T23:43:53 IST" skipped="0">
  <testcase classname="tests.OpenCartHomePageTest" name="openHomePageAndVerifyTitle" time="0.320"/>
</testsuite> <!-- tests.OpenCartHomePageTest -->
